TN:
SF:src/db.js
FN:5,(anonymous_6)
FN:5,_callee
FN:5,getUserByUsername
FNF:3
FNH:3
FNDA:1,(anonymous_6)
FNDA:5,_callee
FNDA:1,getUserByUsername
DA:1,1
DA:3,1
DA:5,15
DA:6,1
DA:13,1
DA:15,1
DA:17,1
DA:22,1
LF:8
LH:8
BRDA:3,0,0,1
BRDA:3,0,1,0
BRDA:5,1,0,1
BRDA:5,1,1,1
BRDA:5,1,2,1
BRDA:5,1,3,0
BRDA:5,1,4,1
BRF:7
BRH:5
end_of_record
TN:
SF:src/mocha-setup.js
FNF:0
FNH:0
DA:1,1
DA:3,1
DA:4,1
DA:5,1
LF:4
LH:4
BRF:0
BRH:0
end_of_record
TN:
SF:src/server.js
FN:6,(anonymous_7)
FN:6,_callee
FNF:2
FNH:2
FNDA:2,(anonymous_7)
FNDA:3,_callee
DA:1,1
DA:2,1
DA:4,1
DA:6,12
DA:7,1
DA:9,1
DA:10,1
DA:12,0
LF:8
LH:7
BRDA:6,0,0,1
BRDA:6,0,1,1
BRDA:6,0,2,0
BRDA:6,0,3,1
BRDA:6,0,4,1
BRF:5
BRH:4
end_of_record
TN:
SF:src/test-helpers.js
FN:3,(anonymous_6)
FN:3,_callee
FN:3,setDatabaseData
FN:18,(anonymous_10)
FN:18,_callee2
FN:18,getDatabaseData
FN:35,(anonymous_14)
FN:35,_callee3
FN:35,resetDatabase
FNF:9
FNH:9
FNDA:1,(anonymous_6)
FNDA:4,_callee
FNDA:1,setDatabaseData
FNDA:1,(anonymous_10)
FNDA:5,_callee2
FNDA:1,getDatabaseData
FNDA:1,(anonymous_14)
FNDA:4,_callee3
FNDA:1,resetDatabase
DA:1,1
DA:3,12
DA:4,1
DA:11,1
DA:15,1
DA:18,15
DA:19,1
DA:26,1
DA:28,1
DA:30,1
DA:35,12
DA:36,1
DA:43,1
DA:47,1
LF:14
LH:14
BRDA:3,0,0,1
BRDA:3,0,1,1
BRDA:3,0,2,1
BRDA:3,0,3,1
BRDA:3,0,4,1
BRDA:18,1,0,1
BRDA:18,1,1,1
BRDA:18,1,2,1
BRDA:18,1,3,0
BRDA:18,1,4,1
BRDA:35,2,0,1
BRDA:35,2,1,1
BRDA:35,2,2,1
BRDA:35,2,3,1
BRDA:35,2,4,1
BRF:15
BRH:14
end_of_record
